# JRE version: OpenJDK Runtime Environment (8.0_152-b06) (build 1.8.0_152-release-1136-b06)
# Java VM: OpenJDK 64-Bit Server VM (25.152-b06 mixed mode bsd-amd64 compressed oops)
Heap:
 PSYoungGen      total 413696K, used 25674K [0x00000007a0000000, 0x00000007bf700000, 0x00000007c0000000)
  eden space 324608K, 7% used [0x00000007a0000000,0x00000007a16dc2e8,0x00000007b3d00000)
  from space 89088K, 2% used [0x00000007ba000000,0x00000007ba236518,0x00000007bf700000)
  to   space 95232K, 0% used [0x00000007b3d00000,0x00000007b3d00000,0x00000007b9a00000)
 ParOldGen       total 712192K, used 307978K [0x0000000760000000, 0x000000078b780000, 0x00000007a0000000)
  object space 712192K, 43% used [0x0000000760000000,0x0000000772cc2980,0x000000078b780000)
 Metaspace       used 102442K, capacity 110262K, committed 110552K, reserved 1144832K
  class space    used 12806K, capacity 14694K, committed 14808K, reserved 1048576K
GC Heap History (10 events):
Event: 864.377 GC heap before
{Heap before GC invocations=63 (full 6):
 PSYoungGen      total 407040K, used 379008K [0x00000007a0000000, 0x00000007c0000000, 0x00000007c0000000)
  eden space 307200K, 100% used [0x00000007a0000000,0x00000007b2c00000,0x00000007b2c00000)
  from space 99840K, 71% used [0x00000007b9e80000,0x00000007be4a0000,0x00000007c0000000)
  to   space 108544K, 0% used [0x00000007b2c00000,0x00000007b2c00000,0x00000007b9600000)
 ParOldGen       total 721920K, used 561546K [0x0000000760000000, 0x000000078c100000, 0x00000007a0000000)
  object space 721920K, 77% used [0x0000000760000000,0x00000007824628b8,0x000000078c100000)
 Metaspace       used 102417K, capacity 110194K, committed 110552K, reserved 1144832K
  class space    used 12806K, capacity 14694K, committed 14808K, reserved 1048576K
Event: 864.626 GC heap after
Heap after GC invocations=63 (full 6):
 PSYoungGen      total 415744K, used 16416K [0x00000007a0000000, 0x00000007bff80000, 0x00000007c0000000)
  eden space 307200K, 0% used [0x00000007a0000000,0x00000007a0000000,0x00000007b2c00000)
  from space 108544K, 15% used [0x00000007b2c00000,0x00000007b3c08000,0x00000007b9600000)
  to   space 103936K, 0% used [0x00000007b9a00000,0x00000007b9a00000,0x00000007bff80000)
 ParOldGen       total 721920K, used 630457K [0x0000000760000000, 0x000000078c100000, 0x00000007a0000000)
  object space 721920K, 87% used [0x0000000760000000,0x00000007867ae648,0x000000078c100000)
 Metaspace       used 102417K, capacity 110194K, committed 110552K, reserved 1144832K
  class space    used 12806K, capacity 14694K, committed 14808K, reserved 1048576K
}
Event: 864.626 GC heap before
{Heap before GC invocations=64 (full 7):
 PSYoungGen      total 415744K, used 16416K [0x00000007a0000000, 0x00000007bff80000, 0x00000007c0000000)
  eden space 307200K, 0% used [0x00000007a0000000,0x00000007a0000000,0x00000007b2c00000)
  from space 108544K, 15% used [0x00000007b2c00000,0x00000007b3c08000,0x00000007b9600000)
  to   space 103936K, 0% used [0x00000007b9a00000,0x00000007b9a00000,0x00000007bff80000)
 ParOldGen       total 721920K, used 630457K [0x0000000760000000, 0x000000078c100000, 0x00000007a0000000)
  object space 721920K, 87% used [0x0000000760000000,0x00000007867ae648,0x000000078c100000)
 Metaspace       used 102417K, capacity 110194K, committed 110552K, reserved 1144832K
  class space    used 12806K, capacity 14694K, committed 14808K, reserved 1048576K
Event: 866.521 GC heap after
Heap after GC invocations=64 (full 7):
 PSYoungGen      total 415744K, used 0K [0x00000007a0000000, 0x00000007bff80000, 0x00000007c0000000)
  eden space 307200K, 0% used [0x00000007a0000000,0x00000007a0000000,0x00000007b2c00000)
  from space 108544K, 0% used [0x00000007b2c00000,0x00000007b2c00000,0x00000007b9600000)
  to   space 103936K, 0% used [0x00000007b9a00000,0x00000007b9a00000,0x00000007bff80000)
 ParOldGen       total 712192K, used 305956K [0x0000000760000000, 0x000000078b780000, 0x00000007a0000000)
  object space 712192K, 42% used [0x0000000760000000,0x0000000772ac93a8,0x000000078b780000)
 Metaspace       used 102417K, capacity 110194K, committed 110552K, reserved 1144832K
  class space    used 12806K, capacity 14694K, committed 14808K, reserved 1048576K
}
Event: 869.361 GC heap before
{Heap before GC invocations=65 (full 7):
 PSYoungGen      total 415744K, used 307200K [0x00000007a0000000, 0x00000007bff80000, 0x00000007c0000000)
  eden space 307200K, 100% used [0x00000007a0000000,0x00000007b2c00000,0x00000007b2c00000)
  from space 108544K, 0% used [0x00000007b2c00000,0x00000007b2c00000,0x00000007b9600000)
  to   space 103936K, 0% used [0x00000007b9a00000,0x00000007b9a00000,0x00000007bff80000)
 ParOldGen       total 712192K, used 305956K [0x0000000760000000, 0x000000078b780000, 0x00000007a0000000)
  object space 712192K, 42% used [0x0000000760000000,0x0000000772ac93a8,0x000000078b780000)
 Metaspace       used 102442K, capacity 110262K, committed 110552K, reserved 1144832K
  class space    used 12806K, capacity 14694K, committed 14808K, reserved 1048576K
Event: 869.393 GC heap after
Heap after GC invocations=65 (full 7):
 PSYoungGen      total 406528K, used 2461K [0x00000007a0000000, 0x00000007bf680000, 0x00000007c0000000)
  eden space 311808K, 0% used [0x00000007a0000000,0x00000007a0000000,0x00000007b3080000)
  from space 94720K, 2% used [0x00000007b9a00000,0x00000007b9c675b8,0x00000007bf680000)
  to   space 101376K, 0% used [0x00000007b3080000,0x00000007b3080000,0x00000007b9380000)
 ParOldGen       total 712192K, used 305964K [0x0000000760000000, 0x000000078b780000, 0x00000007a0000000)
  object space 712192K, 42% used [0x0000000760000000,0x0000000772acb3a8,0x000000078b780000)
 Metaspace       used 102442K, capacity 110262K, committed 110552K, reserved 1144832K
  class space    used 12806K, capacity 14694K, committed 14808K, reserved 1048576K
}
Event: 872.120 GC heap before
{Heap before GC invocations=66 (full 7):
 PSYoungGen      total 406528K, used 314269K [0x00000007a0000000, 0x00000007bf680000, 0x00000007c0000000)
  eden space 311808K, 100% used [0x00000007a0000000,0x00000007b3080000,0x00000007b3080000)
  from space 94720K, 2% used [0x00000007b9a00000,0x00000007b9c675b8,0x00000007bf680000)
  to   space 101376K, 0% used [0x00000007b3080000,0x00000007b3080000,0x00000007b9380000)
 ParOldGen       total 712192K, used 305964K [0x0000000760000000, 0x000000078b780000, 0x00000007a0000000)
  object space 712192K, 42% used [0x0000000760000000,0x0000000772acb3a8,0x000000078b780000)
 Metaspace       used 102442K, capacity 110262K, committed 110552K, reserved 1144832K
  class space    used 12806K, capacity 14694K, committed 14808K, reserved 1048576K
Event: 872.127 GC heap after
Heap after GC invocations=66 (full 7):
 PSYoungGen      total 413184K, used 2450K [0x00000007a0000000, 0x00000007c0000000, 0x00000007c0000000)
  eden space 311808K, 0% used [0x00000007a0000000,0x00000007a0000000,0x00000007b3080000)
  from space 101376K, 2% used [0x00000007b3080000,0x00000007b32e4b60,0x00000007b9380000)
  to   space 98304K, 0% used [0x00000007ba000000,0x00000007ba000000,0x00000007c0000000)
 ParOldGen       total 712192K, used 307194K [0x0000000760000000, 0x000000078b780000, 0x00000007a0000000)
  object space 712192K, 43% used [0x0000000760000000,0x0000000772bfe970,0x000000078b780000)
 Metaspace       used 102442K, capacity 110262K, committed 110552K, reserved 1144832K
  class space    used 12806K, capacity 14694K, committed 14808K, reserved 1048576K
}
Event: 874.717 GC heap before
{Heap before GC invocations=67 (full 7):
 PSYoungGen      total 413184K, used 314258K [0x00000007a0000000, 0x00000007c0000000, 0x00000007c0000000)
  eden space 311808K, 100% used [0x00000007a0000000,0x00000007b3080000,0x00000007b3080000)
  from space 101376K, 2% used [0x00000007b3080000,0x00000007b32e4b60,0x00000007b9380000)
  to   space 98304K, 0% used [0x00000007ba000000,0x00000007ba000000,0x00000007c0000000)
 ParOldGen       total 712192K, used 307194K [0x0000000760000000, 0x000000078b780000, 0x00000007a0000000)
  object space 712192K, 43% used [0x0000000760000000,0x0000000772bfe970,0x000000078b780000)
 Metaspace       used 102442K, capacity 110262K, committed 110552K, reserved 1144832K
  class space    used 12806K, capacity 14694K, committed 14808K, reserved 1048576K
Event: 874.724 GC heap after
Heap after GC invocations=67 (full 7):
 PSYoungGen      total 413696K, used 2265K [0x00000007a0000000, 0x00000007bf700000, 0x00000007c0000000)
  eden space 324608K, 0% used [0x00000007a0000000,0x00000007a0000000,0x00000007b3d00000)
  from space 89088K, 2% used [0x00000007ba000000,0x00000007ba236518,0x00000007bf700000)
  to   space 95232K, 0% used [0x00000007b3d00000,0x00000007b3d00000,0x00000007b9a00000)
 ParOldGen       total 712192K, used 307978K [0x0000000760000000, 0x000000078b780000, 0x00000007a0000000)
  object space 712192K, 43% used [0x0000000760000000,0x0000000772cc2980,0x000000078b780000)
 Metaspace       used 102442K, capacity 110262K, committed 110552K, reserved 1144832K
  class space    used 12806K, capacity 14694K, committed 14808K, reserved 1048576K
}

