# JRE version: OpenJDK Runtime Environment (8.0_152-b06) (build 1.8.0_152-release-1136-b06)
# Java VM: OpenJDK 64-Bit Server VM (25.152-b06 mixed mode bsd-amd64 compressed oops)
Heap:
 PSYoungGen      total 326144K, used 149972K [0x00000007a0000000, 0x00000007bde80000, 0x00000007c0000000)
  eden space 176640K, 83% used [0x00000007a0000000,0x00000007a90b1c68,0x00000007aac80000)
  from space 149504K, 1% used [0x00000007b4c80000,0x00000007b4e433b0,0x00000007bde80000)
  to   space 156672K, 0% used [0x00000007aac80000,0x00000007aac80000,0x00000007b4580000)
 ParOldGen       total 1048576K, used 909472K [0x0000000760000000, 0x00000007a0000000, 0x00000007a0000000)
  object space 1048576K, 86% used [0x0000000760000000,0x0000000797828240,0x00000007a0000000)
 Metaspace       used 115514K, capacity 124452K, committed 124760K, reserved 1157120K
  class space    used 13995K, capacity 16135K, committed 16256K, reserved 1048576K
GC Heap History (10 events):
Event: 1365.967 GC heap before
{Heap before GC invocations=230 (full 18):
 PSYoungGen      total 349696K, used 176536K [0x00000007a0000000, 0x00000007c0000000, 0x00000007c0000000)
  eden space 175104K, 100% used [0x00000007a0000000,0x00000007aab00000,0x00000007aab00000)
  from space 174592K, 0% used [0x00000007aab00000,0x00000007aac661c8,0x00000007b5580000)
  to   space 174592K, 0% used [0x00000007b5580000,0x00000007b5580000,0x00000007c0000000)
 ParOldGen       total 1048576K, used 908731K [0x0000000760000000, 0x00000007a0000000, 0x00000007a0000000)
  object space 1048576K, 86% used [0x0000000760000000,0x000000079776eda0,0x00000007a0000000)
 Metaspace       used 115514K, capacity 124452K, committed 124760K, reserved 1157120K
  class space    used 13995K, capacity 16135K, committed 16256K, reserved 1048576K
Event: 1365.974 GC heap after
Heap after GC invocations=230 (full 18):
 PSYoungGen      total 349696K, used 2186K [0x00000007a0000000, 0x00000007c0000000, 0x00000007c0000000)
  eden space 175104K, 0% used [0x00000007a0000000,0x00000007a0000000,0x00000007aab00000)
  from space 174592K, 1% used [0x00000007b5580000,0x00000007b57a28e8,0x00000007c0000000)
  to   space 174592K, 0% used [0x00000007aab00000,0x00000007aab00000,0x00000007b5580000)
 ParOldGen       total 1048576K, used 908747K [0x0000000760000000, 0x00000007a0000000, 0x00000007a0000000)
  object space 1048576K, 86% used [0x0000000760000000,0x0000000797772da0,0x00000007a0000000)
 Metaspace       used 115514K, capacity 124452K, committed 124760K, reserved 1157120K
  class space    used 13995K, capacity 16135K, committed 16256K, reserved 1048576K
}
Event: 1366.761 GC heap before
{Heap before GC invocations=231 (full 18):
 PSYoungGen      total 349696K, used 177290K [0x00000007a0000000, 0x00000007c0000000, 0x00000007c0000000)
  eden space 175104K, 100% used [0x00000007a0000000,0x00000007aab00000,0x00000007aab00000)
  from space 174592K, 1% used [0x00000007b5580000,0x00000007b57a28e8,0x00000007c0000000)
  to   space 174592K, 0% used [0x00000007aab00000,0x00000007aab00000,0x00000007b5580000)
 ParOldGen       total 1048576K, used 908747K [0x0000000760000000, 0x00000007a0000000, 0x00000007a0000000)
  object space 1048576K, 86% used [0x0000000760000000,0x0000000797772da0,0x00000007a0000000)
 Metaspace       used 115514K, capacity 124452K, committed 124760K, reserved 1157120K
  class space    used 13995K, capacity 16135K, committed 16256K, reserved 1048576K
Event: 1366.770 GC heap after
Heap after GC invocations=231 (full 18):
 PSYoungGen      total 349696K, used 1513K [0x00000007a0000000, 0x00000007c0000000, 0x00000007c0000000)
  eden space 175104K, 0% used [0x00000007a0000000,0x00000007a0000000,0x00000007aab00000)
  from space 174592K, 0% used [0x00000007aab00000,0x00000007aac7a690,0x00000007b5580000)
  to   space 174592K, 0% used [0x00000007b5580000,0x00000007b5580000,0x00000007c0000000)
 ParOldGen       total 1048576K, used 909304K [0x0000000760000000, 0x00000007a0000000, 0x00000007a0000000)
  object space 1048576K, 86% used [0x0000000760000000,0x00000007977fe240,0x00000007a0000000)
 Metaspace       used 115514K, capacity 124452K, committed 124760K, reserved 1157120K
  class space    used 13995K, capacity 16135K, committed 16256K, reserved 1048576K
}
Event: 1367.488 GC heap before
{Heap before GC invocations=232 (full 18):
 PSYoungGen      total 349696K, used 176617K [0x00000007a0000000, 0x00000007c0000000, 0x00000007c0000000)
  eden space 175104K, 100% used [0x00000007a0000000,0x00000007aab00000,0x00000007aab00000)
  from space 174592K, 0% used [0x00000007aab00000,0x00000007aac7a690,0x00000007b5580000)
  to   space 174592K, 0% used [0x00000007b5580000,0x00000007b5580000,0x00000007c0000000)
 ParOldGen       total 1048576K, used 909304K [0x0000000760000000, 0x00000007a0000000, 0x00000007a0000000)
  object space 1048576K, 86% used [0x0000000760000000,0x00000007977fe240,0x00000007a0000000)
 Metaspace       used 115514K, capacity 124452K, committed 124760K, reserved 1157120K
  class space    used 13995K, capacity 16135K, committed 16256K, reserved 1048576K
Event: 1367.496 GC heap after
Heap after GC invocations=232 (full 18):
 PSYoungGen      total 342528K, used 1264K [0x00000007a0000000, 0x00000007bf900000, 0x00000007c0000000)
  eden space 175104K, 0% used [0x00000007a0000000,0x00000007a0000000,0x00000007aab00000)
  from space 167424K, 0% used [0x00000007b5580000,0x00000007b56bc010,0x00000007bf900000)
  to   space 171008K, 0% used [0x00000007aab00000,0x00000007aab00000,0x00000007b5200000)
 ParOldGen       total 1048576K, used 909472K [0x0000000760000000, 0x00000007a0000000, 0x00000007a0000000)
  object space 1048576K, 86% used [0x0000000760000000,0x0000000797828240,0x00000007a0000000)
 Metaspace       used 115514K, capacity 124452K, committed 124760K, reserved 1157120K
  class space    used 13995K, capacity 16135K, committed 16256K, reserved 1048576K
}
Event: 1369.035 GC heap before
{Heap before GC invocations=233 (full 18):
 PSYoungGen      total 342528K, used 176368K [0x00000007a0000000, 0x00000007bf900000, 0x00000007c0000000)
  eden space 175104K, 100% used [0x00000007a0000000,0x00000007aab00000,0x00000007aab00000)
  from space 167424K, 0% used [0x00000007b5580000,0x00000007b56bc010,0x00000007bf900000)
  to   space 171008K, 0% used [0x00000007aab00000,0x00000007aab00000,0x00000007b5200000)
 ParOldGen       total 1048576K, used 909472K [0x0000000760000000, 0x00000007a0000000, 0x00000007a0000000)
  object space 1048576K, 86% used [0x0000000760000000,0x0000000797828240,0x00000007a0000000)
 Metaspace       used 115514K, capacity 124452K, committed 124760K, reserved 1157120K
  class space    used 13995K, capacity 16135K, committed 16256K, reserved 1048576K
Event: 1369.044 GC heap after
Heap after GC invocations=233 (full 18):
 PSYoungGen      total 177152K, used 1667K [0x00000007a0000000, 0x00000007bec80000, 0x00000007c0000000)
  eden space 175104K, 0% used [0x00000007a0000000,0x00000007a0000000,0x00000007aab00000)
  from space 2048K, 81% used [0x00000007aab00000,0x00000007aaca0cb8,0x00000007aad00000)
  to   space 163840K, 0% used [0x00000007b4c80000,0x00000007b4c80000,0x00000007bec80000)
 ParOldGen       total 1048576K, used 909472K [0x0000000760000000, 0x00000007a0000000, 0x00000007a0000000)
  object space 1048576K, 86% used [0x0000000760000000,0x0000000797828240,0x00000007a0000000)
 Metaspace       used 115514K, capacity 124452K, committed 124760K, reserved 1157120K
  class space    used 13995K, capacity 16135K, committed 16256K, reserved 1048576K
}
Event: 1369.981 GC heap before
{Heap before GC invocations=234 (full 18):
 PSYoungGen      total 177152K, used 176771K [0x00000007a0000000, 0x00000007bec80000, 0x00000007c0000000)
  eden space 175104K, 100% used [0x00000007a0000000,0x00000007aab00000,0x00000007aab00000)
  from space 2048K, 81% used [0x00000007aab00000,0x00000007aaca0cb8,0x00000007aad00000)
  to   space 163840K, 0% used [0x00000007b4c80000,0x00000007b4c80000,0x00000007bec80000)
 ParOldGen       total 1048576K, used 909472K [0x0000000760000000, 0x00000007a0000000, 0x00000007a0000000)
  object space 1048576K, 86% used [0x0000000760000000,0x0000000797828240,0x00000007a0000000)
 Metaspace       used 115514K, capacity 124452K, committed 124760K, reserved 1157120K
  class space    used 13995K, capacity 16135K, committed 16256K, reserved 1048576K
Event: 1369.994 GC heap after
Heap after GC invocations=234 (full 18):
 PSYoungGen      total 326144K, used 1804K [0x00000007a0000000, 0x00000007bde80000, 0x00000007c0000000)
  eden space 176640K, 0% used [0x00000007a0000000,0x00000007a0000000,0x00000007aac80000)
  from space 149504K, 1% used [0x00000007b4c80000,0x00000007b4e433b0,0x00000007bde80000)
  to   space 156672K, 0% used [0x00000007aac80000,0x00000007aac80000,0x00000007b4580000)
 ParOldGen       total 1048576K, used 909472K [0x0000000760000000, 0x00000007a0000000, 0x00000007a0000000)
  object space 1048576K, 86% used [0x0000000760000000,0x0000000797828240,0x00000007a0000000)
 Metaspace       used 115514K, capacity 124452K, committed 124760K, reserved 1157120K
  class space    used 13995K, capacity 16135K, committed 16256K, reserved 1048576K
}

